140
15 9664.0
15 6872.0
37 9498.0
14 4510.0
11 7383.0
27 8072.0
37 5856.0
27 1350.0
27 5314.0
8 1890.0
13 7970.0
27 9619.0
27 5494.0
13 3120.0
14 3982.0
13 266.0
13 4441.0
27 1920.0
15 3613.0
15 6096.0
15 2794.0
27 5449.0
37 6982.0
15 1019.0
0 1649.0
14 2398.0
15 3585.0
13 742.0
13 9403.0
27 8753.0
11 9866.0
15 1213.0
8 438.0
15 2039.0
15 3089.0
13 9935.0
15 9437.0
13 1962.0
14 6410.0
15 1500.0
37 6065.0
15 1902.0
13 597.0
13 9921.0
13 355.0
27 3189.0
14 3031.0
5 2030.0
15 7852.0
27 3451.0
27 1001.0
13 374.0
15 8917.0
0 6974.0
14 1663.0
5 4259.0
8 1147.0
11 3619.0
13 1180.0
14 4933.0
37 5740.0
15 7145.0
13 2955.0
14 1001.0
37 8252.0
15 7654.0
9 646.0
15 9773.0
15 1654.0
14 6411.0
11 3267.0
37 4263.0
13 5875.0
11 7705.0
27 9336.0
0 2776.0
27 3333.0
15 952.0
14 2593.0
13 2654.0
14 5609.0
27 8675.0
15 4108.0
27 1921.0
13 9778.0
13 7247.0
27 2865.0
27 217.0
15 7728.0
14 6716.0
15 9325.0
27 8333.0
13 5103.0
14 5852.0
11 6368.0
14 4112.0
14 2514.0
27 9185.0
0 204.0
13 7504.0
13 1296.0
13 5504.0
11 749.0
27 8919.0
15 4602.0
27 2210.0
2 3935.0
14 7895.0
13 5771.0
15 9997.0
13 4717.0
9 5886.0
13 9672.0
11 2169.0
13 5084.0
11 6358.0
0 6790.0
13 1323.0
14 25.0
15 9742.0
15 3151.0
13 5479.0
37 2623.0
15 3923.0
13 3656.0
14 7343.0
15 6204.0
13 9309.0
15 6790.0
13 517.0
9 6591.0
14 9298.0
15 6853.0
14 767.0
15 2715.0
11 7297.0
27 1047.0
8 4248.0
14 2584.0
11 7314.0