185
1000.0 99.0
4000.0 220.0
5000.0 382.0
8000.0 814.0
17000.0 1135.0
19000.0 1236.0
21000.0 1438.0
27000.0 1652.0
31000.0 1962.0
43000.0 2265.0
46000.0 2309.0
51000.0 3065.0
60000.0 3659.0
64000.0 4093.0
69000.0 4472.0
81000.0 4800.0
89000.0 4990.0
96000.0 5433.0
97000.0 6164.0
124000.0 6465.0
136000.0 7818.0
142000.0 7841.0
150000.0 7937.0
165000.0 8958.0
172000.0 9346.0
186000.0 10590.0
206000.0 10732.0
217000.0 11257.0
242000.0 12149.0
257000.0 13883.0
278000.0 13902.0
279000.0 15225.0
303000.0 15261.0
308000.0 15477.0
330000.0 17931.0
340000.0 18217.0
356000.0 18383.0
365000.0 20587.0
366000.0 21000.0
415000.0 21264.0
437000.0 23660.0
479000.0 24586.0
505000.0 26251.0
544000.0 27215.0
572000.0 30954.0
597000.0 31175.0
598000.0 32027.0
617000.0 34792.0
650000.0 35002.0
706000.0 35723.0
709000.0 36391.0
712000.0 38830.0
772000.0 39704.0
804000.0 40441.0
807000.0 41369.0
827000.0 41383.0
921000.0 46540.0
1010000.0 51007.0
1013000.0 51584.0
1064000.0 54406.0
1136000.0 57644.0
1176000.0 60831.0
1183000.0 62464.0
1227000.0 63006.0
1276000.0 66025.0
1292000.0 66230.0
1326000.0 67115.0
1408000.0 70665.0
1414000.0 73142.0
1445000.0 73803.0
1454000.0 76813.0
1513000.0 76827.0
1583000.0 79795.0
1665000.0 83440.0
1710000.0 86469.0
1719000.0 92881.0
1756000.0 93495.0
1878000.0 95189.0
1901000.0 97798.0
1998000.0 101749.0
2015000.0 102098.0
2022000.0 103451.0
2102000.0 105530.0
2141000.0 107441.0
2154000.0 107796.0
2229000.0 113024.0
2317000.0 115984.0
2386000.0 120385.0
2403000.0 124158.0
2412000.0 126690.0
2418000.0 128210.0
2565000.0 128369.0
2579000.0 132651.0
2616000.0 132955.0
2780000.0 139550.0
2816000.0 142241.0
2862000.0 147334.0
2913000.0 149018.0
2993000.0 150333.0
3143000.0 158919.0
3261000.0 166728.0
3285000.0 173597.0
3362000.0 174998.0
3406000.0 175900.0
3519000.0 176020.0
3521000.0 176847.0
3539000.0 179432.0
3588000.0 183787.0
3656000.0 184307.0
3680000.0 184345.0
3781000.0 189664.0
3854000.0 193349.0
3944000.0 199920.0
4010000.0 201663.0
4160000.0 211727.0
4227000.0 212138.0
4387000.0 220083.0
4424000.0 225054.0
4427000.0 226997.0
4463000.0 230632.0
4591000.0 232808.0
4635000.0 235376.0
4808000.0 240830.0
4854000.0 244913.0
4863000.0 250328.0
4995000.0 256670.0
5054000.0 266784.0
5297000.0 267605.0
5420000.0 272916.0
5560000.0 279650.0
5572000.0 281825.0
5611000.0 287560.0
5689000.0 294154.0
5802000.0 297860.0
5932000.0 305642.0
5979000.0 308623.0
6114000.0 309068.0
6184000.0 312280.0
6219000.0 312976.0
6248000.0 316851.0
6257000.0 318290.0
6303000.0 325284.0
6380000.0 326428.0
6493000.0 332317.0
6532000.0 332457.0
6650000.0 335699.0
6708000.0 342205.0
6861000.0 344996.0
6949000.0 348801.0
7132000.0 358032.0
7184000.0 366712.0
7411000.0 370983.0
7416000.0 371633.0
7797000.0 389874.0
7819000.0 395373.0
7862000.0 397768.0
7909000.0 403873.0
8044000.0 405069.0
8070000.0 411908.0
8116000.0 415660.0
8191000.0 417518.0
8392000.0 420805.0
8556000.0 431175.0
8684000.0 435176.0
8709000.0 437272.0
8766000.0 444010.0
8934000.0 447325.0
8959000.0 449822.0
9028000.0 452877.0
9074000.0 457433.0
9395000.0 470395.0
9466000.0 473917.0
9503000.0 482566.0
9670000.0 484527.0
9716000.0 488203.0
9732000.0 488412.0
9776000.0 488972.0
9877000.0 498699.0
9910000.0 500324.0
9926000.0 506029.0
9987000.0 509003.0
9991000.0 810642.0
9998000.0 872898.0
9999000.0 1347473.0
10000000.0 1470348.0
